<?xml version="1.0" encoding="UTF-8"?>
<!-- Generated by org.testng.reporters.JUnitReportReporter -->
<testsuite hostname="DESKTOP-BUC2KR9" failures="0" tests="1" name="com.amazon.NewTest" time="77.409" errors="0" timestamp="2022-12-20T19:48:20 PST" skipped="0">
  <testcase classname="com.amazon.NewTest" name="login" time="77.409"/>
  <system-out/>
</testsuite> <!-- com.amazon.NewTest -->
